<?xml version="1.0" encoding="UTF-8"?>
<!-- Generated by org.testng.reporters.JUnitReportReporter -->
<testsuite skipped="0" hostname="PayalHenish" name="com.crm.qa.testcases.ContactsPageTest" tests="6" failures="0" timestamp="09 Oct 2019 20:10:03 GMT" time="127.668" errors="0">
  <testcase name="verifyContactsPageLabelTest" time="20.215" classname="com.crm.qa.testcases.ContactsPageTest"/>
  <testcase name="selectSingleContactTest" time="20.464" classname="com.crm.qa.testcases.ContactsPageTest"/>
  <testcase name="selectMultContactsTest" time="21.047" classname="com.crm.qa.testcases.ContactsPageTest"/>
  <testcase name="validateCreateNewContactsTest" time="21.882" classname="com.crm.qa.testcases.ContactsPageTest"/>
  <testcase name="validateCreateNewContactsTest" time="21.892" classname="com.crm.qa.testcases.ContactsPageTest"/>
  <testcase name="validateCreateNewContactsTest" time="22.168" classname="com.crm.qa.testcases.ContactsPageTest"/>
</testsuite> <!-- com.crm.qa.testcases.ContactsPageTest -->
