<?xml version="1.0" encoding="UTF-8"?>
<!-- Generated by org.testng.reporters.JUnitReportReporter -->
<testsuite skipped="0" hostname="PayalHenish" name="com.crm.qa.testcases.HomePageTest" tests="3" failures="0" timestamp="09 Oct 2019 20:10:03 GMT" time="59.991" errors="0">
  <testcase name="verifyHomePageTitleTest" time="20.542" classname="com.crm.qa.testcases.HomePageTest"/>
  <testcase name="verifyUserNameTest" time="19.865" classname="com.crm.qa.testcases.HomePageTest"/>
  <testcase name="verifyContactsLinkTest" time="19.584" classname="com.crm.qa.testcases.HomePageTest"/>
</testsuite> <!-- com.crm.qa.testcases.HomePageTest -->
