<?xml version="1.0" encoding="UTF-8"?>
<!-- Generated by org.testng.reporters.JUnitReportReporter -->
<testsuite skipped="0" hostname="PayalHenish" name="com.crm.qa.testcases.LoginPageTest" tests="1" failures="0" timestamp="09 Oct 2019 19:56:57 GMT" time="18.508" errors="0">
  <testcase name="LoginPageTitleTest" time="18.508" classname="com.crm.qa.testcases.LoginPageTest"/>
</testsuite> <!-- com.crm.qa.testcases.LoginPageTest -->
