<?xml version="1.0" encoding="UTF-8"?>
<!-- Generated by org.testng.reporters.JUnitReportReporter -->
<testsuite skipped="0" hostname="PayalHenish" name="com.crm.qa.testcases.ContactsPageTest" tests="1" failures="0" timestamp="09 Oct 2019 19:56:57 GMT" time="38.664" errors="0">
  <testcase name="verifyContactsPageLabelTest" time="38.664" classname="com.crm.qa.testcases.ContactsPageTest"/>
</testsuite> <!-- com.crm.qa.testcases.ContactsPageTest -->
